0 info it worked if it ends with ok
1 verbose cli [ 'C:\\Program Files\\nodejs\\node.exe',
1 verbose cli   'C:\\Program Files\\nodejs\\node_modules\\npm\\bin\\npm-cli.js',
1 verbose cli   'i',
1 verbose cli   '-g',
1 verbose cli   'jshint' ]
2 info using npm@3.10.10
3 info using node@v6.11.1
4 silly loadCurrentTree Starting
5 silly install loadCurrentTree
6 silly install readGlobalPackageData
7 silly fetchPackageMetaData jshint
8 silly fetchNamedPackageData jshint
9 silly mapToRegistry name jshint
10 silly mapToRegistry using default registry
11 silly mapToRegistry registry https://registry.npmjs.org/
12 silly mapToRegistry data Result {
12 silly mapToRegistry   raw: 'jshint',
12 silly mapToRegistry   scope: null,
12 silly mapToRegistry   escapedName: 'jshint',
12 silly mapToRegistry   name: 'jshint',
12 silly mapToRegistry   rawSpec: '',
12 silly mapToRegistry   spec: 'latest',
12 silly mapToRegistry   type: 'tag' }
13 silly mapToRegistry uri https://registry.npmjs.org/jshint
14 verbose request uri https://registry.npmjs.org/jshint
15 verbose request no auth needed
16 info attempt registry request try #1 at 7:29:22 PM
17 verbose request id d537ce7a4226c816
18 http request GET https://registry.npmjs.org/jshint
19 http 200 https://registry.npmjs.org/jshint
20 verbose headers { server: 'nginx/1.10.3',
20 verbose headers   'content-type': 'application/json',
20 verbose headers   'last-modified': 'Fri, 04 Aug 2017 09:55:58 GMT',
20 verbose headers   etag: 'W/"598444ae-1e1b1"',
20 verbose headers   'content-encoding': 'gzip',
20 verbose headers   'cache-control': 'max-age=300',
20 verbose headers   'content-length': '12656',
20 verbose headers   'accept-ranges': 'bytes',
20 verbose headers   date: 'Thu, 17 Aug 2017 02:29:25 GMT',
20 verbose headers   via: '1.1 varnish',
20 verbose headers   age: '0',
20 verbose headers   connection: 'keep-alive',
20 verbose headers   'x-served-by': 'cache-sjc3624-SJC',
20 verbose headers   'x-cache': 'HIT',
20 verbose headers   'x-cache-hits': '1',
20 verbose headers   'x-timer': 'S1502936965.031153,VS0,VE22',
20 verbose headers   vary: 'Accept-Encoding, Accept' }
21 silly get cb [ 200,
21 silly get   { server: 'nginx/1.10.3',
21 silly get     'content-type': 'application/json',
21 silly get     'last-modified': 'Fri, 04 Aug 2017 09:55:58 GMT',
21 silly get     etag: 'W/"598444ae-1e1b1"',
21 silly get     'content-encoding': 'gzip',
21 silly get     'cache-control': 'max-age=300',
21 silly get     'content-length': '12656',
21 silly get     'accept-ranges': 'bytes',
21 silly get     date: 'Thu, 17 Aug 2017 02:29:25 GMT',
21 silly get     via: '1.1 varnish',
21 silly get     age: '0',
21 silly get     connection: 'keep-alive',
21 silly get     'x-served-by': 'cache-sjc3624-SJC',
21 silly get     'x-cache': 'HIT',
21 silly get     'x-cache-hits': '1',
21 silly get     'x-timer': 'S1502936965.031153,VS0,VE22',
21 silly get     vary: 'Accept-Encoding, Accept' } ]
22 verbose get saving jshint to C:\Users\taraj\AppData\Roaming\npm-cache\registry.npmjs.org\jshint\.cache.json
23 verbose correctMkdir C:\Users\taraj\AppData\Roaming\npm-cache correctMkdir not in flight; initializing
24 silly install normalizeTree
25 silly loadCurrentTree Finishing
26 silly loadIdealTree Starting
27 silly install loadIdealTree
28 silly cloneCurrentTree Starting
29 silly install cloneCurrentTreeToIdealTree
30 silly cloneCurrentTree Finishing
31 silly loadShrinkwrap Starting
32 silly install loadShrinkwrap
33 silly loadShrinkwrap Finishing
34 silly loadAllDepsIntoIdealTree Starting
35 silly install loadAllDepsIntoIdealTree
36 silly resolveWithNewModule jshint@2.9.5 checking installable status
37 silly cache add args [ 'jshint', null ]
38 verbose cache add spec jshint
39 silly cache add parsed spec Result {
39 silly cache add   raw: 'jshint',
39 silly cache add   scope: null,
39 silly cache add   escapedName: 'jshint',
39 silly cache add   name: 'jshint',
39 silly cache add   rawSpec: '',
39 silly cache add   spec: 'latest',
39 silly cache add   type: 'tag' }
40 silly addNamed jshint@latest
41 verbose addNamed "latest" is being treated as a dist-tag for jshint
42 info addNameTag [ 'jshint', 'latest' ]
43 silly mapToRegistry name jshint
44 silly mapToRegistry using default registry
45 silly mapToRegistry registry https://registry.npmjs.org/
46 silly mapToRegistry data Result {
46 silly mapToRegistry   raw: 'jshint',
46 silly mapToRegistry   scope: null,
46 silly mapToRegistry   escapedName: 'jshint',
46 silly mapToRegistry   name: 'jshint',
46 silly mapToRegistry   rawSpec: '',
46 silly mapToRegistry   spec: 'latest',
46 silly mapToRegistry   type: 'tag' }
47 silly mapToRegistry uri https://registry.npmjs.org/jshint
48 verbose addNameTag registry:https://registry.npmjs.org/jshint not in flight; fetching
49 verbose get https://registry.npmjs.org/jshint not expired, no request
50 silly addNameTag next cb for jshint with tag latest
51 silly addNamed jshint@2.9.5
52 verbose addNamed "2.9.5" is a plain semver version for jshint
53 silly mapToRegistry name jshint
54 silly mapToRegistry using default registry
55 silly mapToRegistry registry https://registry.npmjs.org/
56 silly mapToRegistry data Result {
56 silly mapToRegistry   raw: 'jshint',
56 silly mapToRegistry   scope: null,
56 silly mapToRegistry   escapedName: 'jshint',
56 silly mapToRegistry   name: 'jshint',
56 silly mapToRegistry   rawSpec: '',
56 silly mapToRegistry   spec: 'latest',
56 silly mapToRegistry   type: 'tag' }
57 silly mapToRegistry uri https://registry.npmjs.org/jshint
58 verbose addRemoteTarball https://registry.npmjs.org/jshint/-/jshint-2.9.5.tgz not in flight; adding
59 verbose addRemoteTarball [ 'https://registry.npmjs.org/jshint/-/jshint-2.9.5.tgz',
59 verbose addRemoteTarball   '1e7252915ce681b40827ee14248c46d34e9aa62c' ]
60 info retry fetch attempt 1 at 7:29:24 PM
61 info attempt registry request try #1 at 7:29:24 PM
62 http fetch GET https://registry.npmjs.org/jshint/-/jshint-2.9.5.tgz
63 http fetch 200 https://registry.npmjs.org/jshint/-/jshint-2.9.5.tgz
64 warn retry will retry, error on last attempt: Error: EBUSY: resource busy or locked, rename 'C:\Users\taraj\AppData\Local\Temp\npm-3408-b65bb118\registry.npmjs.org\jshint\-\jshint-2.9.5.tgz.2950269187' -> 'C:\Users\taraj\AppData\Local\Temp\npm-3408-b65bb118\registry.npmjs.org\jshint\-\jshint-2.9.5.tgz'
65 verbose stack TypeError: tarball.destroy is not a function
65 verbose stack     at WriteStreamAtomic.<anonymous> (C:\Program Files\nodejs\node_modules\npm\lib\cache\add-remote-tarball.js:97:15)
65 verbose stack     at emitOne (events.js:101:20)
65 verbose stack     at WriteStreamAtomic.emit (events.js:188:7)
65 verbose stack     at WriteStreamAtomic.emit (C:\Program Files\nodejs\node_modules\npm\node_modules\fs-write-stream-atomic\index.js:60:34)
65 verbose stack     at C:\Program Files\nodejs\node_modules\npm\node_modules\fs-write-stream-atomic\index.js:89:19
65 verbose stack     at FSReqWrap.oncomplete (fs.js:123:15)
66 verbose cwd C:\Users\taraj\projects\javascript-practice
67 error Windows_NT 10.0.15063
68 error argv "C:\\Program Files\\nodejs\\node.exe" "C:\\Program Files\\nodejs\\node_modules\\npm\\bin\\npm-cli.js" "i" "-g" "jshint"
69 error node v6.11.1
70 error npm  v3.10.10
71 error tarball.destroy is not a function
72 error If you need help, you may report this error at:
72 error     <https://github.com/npm/npm/issues>
73 verbose exit [ 1, true ]
